2019-03-22 20:48:33> Program: Starting Squirrel Updater: --updateSelf=C:\Users\admin\AppData\Local\SquirrelTemp\Update.exe
2019-03-22 20:48:33> Program: About to wait for parent PID 10172
2019-03-22 20:48:43> Unhandled exception: System.AggregateException: Произошла одна или несколько ошибок. ---> System.IO.IOException: Процесс не может получить доступ к файлу "C:\Users\admin\AppData\Local\atom\app-1.35.1\..\Update.exe", так как этот файл используется другим процессом.
   в System.IO.__Error.WinIOError(Int32 errorCode, String maybeFullPath)
   в System.IO.File.InternalCopy(String sourceFileName, String destFileName, Boolean overwrite, Boolean checkHost)
   в System.IO.File.Copy(String sourceFileName, String destFileName, Boolean overwrite)
   в Squirrel.Update.Program.<>c__DisplayClass6_0.<UpdateSelf>b__0()
   в System.Threading.Tasks.Task.InnerInvoke()
   в System.Threading.Tasks.Task.Execute()
--- Конец трассировка стека из предыдущего расположения, где возникло исключение ---
   в System.Runtime.CompilerServices.TaskAwaiter.ThrowForNonSuccess(Task task)
   в System.Runtime.CompilerServices.TaskAwaiter.HandleNonSuccessAndDebuggerNotification(Task task)
   в Squirrel.Update.Program.<UpdateSelf>d__6.MoveNext()
   --- Конец трассировки внутреннего стека исключений ---
   в System.Threading.Tasks.Task.ThrowIfExceptional(Boolean includeTaskCanceledExceptions)
   в System.Threading.Tasks.Task.Wait(Int32 millisecondsTimeout, CancellationToken cancellationToken)
   в System.Threading.Tasks.Task.Wait()
   в Squirrel.Update.Program.executeCommandLine(String[] args)
   в Squirrel.Update.Program.main(String[] args)
---> (Внутреннее исключение #0) System.IO.IOException: Процесс не может получить доступ к файлу "C:\Users\admin\AppData\Local\atom\app-1.35.1\..\Update.exe", так как этот файл используется другим процессом.
   в System.IO.__Error.WinIOError(Int32 errorCode, String maybeFullPath)
   в System.IO.File.InternalCopy(String sourceFileName, String destFileName, Boolean overwrite, Boolean checkHost)
   в System.IO.File.Copy(String sourceFileName, String destFileName, Boolean overwrite)
   в Squirrel.Update.Program.<>c__DisplayClass6_0.<UpdateSelf>b__0()
   в System.Threading.Tasks.Task.InnerInvoke()
   в System.Threading.Tasks.Task.Execute()
--- Конец трассировка стека из предыдущего расположения, где возникло исключение ---
   в System.Runtime.CompilerServices.TaskAwaiter.ThrowForNonSuccess(Task task)
   в System.Runtime.CompilerServices.TaskAwaiter.HandleNonSuccessAndDebuggerNotification(Task task)
   в Squirrel.Update.Program.<UpdateSelf>d__6.MoveNext()<---

